<?xml version="1.0" encoding="UTF-8"?>
<!-- Generated by org.testng.reporters.JUnitReportReporter -->
<testsuite skipped="4" hostname="MobinDawlatzai" name="tests.HotelLogin" tests="5" failures="0" timestamp="07 Jul 2020 23:45:48 GMT" time="18.615" errors="0">
  <testcase name="loginWithParameters" time="18.615" classname="tests.HotelLogin"/>
  <testcase name="loginToHotelPage" classname="tests.HotelLogin">
    <skipped/>
  </testcase> <!-- loginToHotelPage -->
  <testcase name="testfive" classname="tests.HotelLogin">
    <skipped/>
  </testcase> <!-- testfive -->
  <testcase name="testfour" classname="tests.HotelLogin">
    <skipped/>
  </testcase> <!-- testfour -->
  <testcase name="testthree" classname="tests.HotelLogin">
    <skipped/>
  </testcase> <!-- testthree -->
</testsuite> <!-- tests.HotelLogin -->
