<?xml version="1.0" encoding="UTF-8"?>
<!-- Generated by org.testng.reporters.JUnitReportReporter -->
<testsuite skipped="0" hostname="MobinDawlatzai" name="tests.TestNGConcept" tests="3" failures="0" timestamp="10 Jul 2020 00:07:17 GMT" time="0.058" errors="0">
  <testcase name="dashboard" time="0.005" classname="tests.TestNGConcept"/>
  <testcase name="logout" time="0.018" classname="tests.TestNGConcept"/>
  <testcase name="customerPage" time="0.035" classname="tests.TestNGConcept"/>
</testsuite> <!-- tests.TestNGConcept -->
