<?xml version="1.0" encoding="UTF-8"?>
<!-- Generated by org.testng.reporters.JUnitReportReporter -->
<testsuite skipped="1" hostname="MobinDawlatzai" name="tests.CreateAccount" tests="1" failures="0" timestamp="10 Jul 2020 00:22:51 GMT" time="0.000" errors="0">
  <testcase name="createAccount" time="0.000" classname="tests.CreateAccount">
    <skipped/>
  </testcase> <!-- createAccount -->
</testsuite> <!-- tests.CreateAccount -->
